<?xml version="1.0" encoding="UTF-8"?>
<testng-results ignored="0" total="1" passed="1" failed="0" skipped="0">
  <reporter-output>
  </reporter-output>
  <suite started-at="2022-03-07T13:27:42 CST" name="Surefire suite" finished-at="2022-03-07T13:27:55 CST" duration-ms="12996">
    <groups>
    </groups>
    <test started-at="2022-03-07T13:27:42 CST" name="Surefire test" finished-at="2022-03-07T13:27:55 CST" duration-ms="12996">
      <class name="com.herokuapp.theinternet.PositiveTests">
        <test-method signature="loginTest()[pri:0, instance:com.herokuapp.theinternet.PositiveTests@45c7e403]" started-at="2022-03-07T13:27:42 CST" name="loginTest" finished-at="2022-03-07T13:27:55 CST" duration-ms="12967" status="PASS">
          <reporter-output>
          </reporter-output>
        </test-method> <!-- loginTest -->
      </class> <!-- com.herokuapp.theinternet.PositiveTests -->
    </test> <!-- Surefire test -->
  </suite> <!-- Surefire suite -->
</testng-results>
